Using pre-set license
Built from '2021.1/staging' branch; Version is '2021.1.23f1 (b50729e604a9) revision 11863849'; Using compiler version '192528614'; Build Type 'Release'
OS: 'Windows 10 Pro; OS build 19043.1237; Version 2009; 64bit' Language: 'en' Physical Memory: 16295 MB
BatchMode: 1, IsHumanControllingUs: 0, StartBugReporterOnCrash: 0, Is64bit: 1, IsPro: 0

COMMAND LINE ARGUMENTS:
C:\Program Files\Unity\Hub\Editor\2021.1.23f1\Editor\Unity.exe
-adb2
-batchMode
-noUpm
-name
AssetImportWorker0
-projectPath
C:/Users/Marco/Documents/Repos/Unity2D/Unity2D_Learn/Laser Defender
-logFile
Logs/AssetImportWorker0.log
-srvPort
51178
Successfully changed project path to: C:/Users/Marco/Documents/Repos/Unity2D/Unity2D_Learn/Laser Defender
C:/Users/Marco/Documents/Repos/Unity2D/Unity2D_Learn/Laser Defender
Using Asset Import Pipeline V2.
Refreshing native plugins compatible for Editor in 80.52 ms, found 4 plugins.
Preloading 0 native plugins for Editor in 0.00 ms.
Initialize engine version: 2021.1.23f1 (b50729e604a9)
[Subsystems] Discovering subsystems at path C:/Program Files/Unity/Hub/Editor/2021.1.23f1/Editor/Data/Resources/UnitySubsystems
[Subsystems] Discovering subsystems at path C:/Users/Marco/Documents/Repos/Unity2D/Unity2D_Learn/Laser Defender/Assets
GfxDevice: creating device client; threaded=0; jobified=0
Direct3D:
    Version:  Direct3D 11.0 [level 11.1]
    Renderer: NVIDIA GeForce GTX 1650 (ID=0x1f0a)
    Vendor:   NVIDIA
    VRAM:     3961 MB
    Driver:   27.21.14.6647
Initialize mono
Mono path[0] = 'C:/Program Files/Unity/Hub/Editor/2021.1.23f1/Editor/Data/Managed'
Mono path[1] = 'C:/Program Files/Unity/Hub/Editor/2021.1.23f1/Editor/Data/MonoBleedingEdge/lib/mono/unityjit'
Mono config path = 'C:/Program Files/Unity/Hub/Editor/2021.1.23f1/Editor/Data/MonoBleedingEdge/etc'
Using monoOptions --debugger-agent=transport=dt_socket,embedding=1,server=y,suspend=n,address=127.0.0.1:56764
Begin MonoManager ReloadAssembly
Registering precompiled unity dll's ...
Register platform support module: C:/Program Files/Unity/Hub/Editor/2021.1.23f1/Editor/Data/PlaybackEngines/WebGLSupport/UnityEditor.WebGL.Extensions.dll
Register platform support module: C:/Program Files/Unity/Hub/Editor/2021.1.23f1/Editor/Data/PlaybackEngines/MacStandaloneSupport/UnityEditor.OSXStandalone.Extensions.dll
Register platform support module: C:/Program Files/Unity/Hub/Editor/2021.1.23f1/Editor/Data/PlaybackEngines/WindowsStandaloneSupport/UnityEditor.WindowsStandalone.Extensions.dll
Registered in 0.002122 seconds.
Native extension for WindowsStandalone target not found
Native extension for OSXStandalone target not found
Native extension for WebGL target not found
Refreshing native plugins compatible for Editor in 81.06 ms, found 4 plugins.
Preloading 0 native plugins for Editor in 0.00 ms.
Mono: successfully reloaded assembly
- Completed reload, in  0.864 seconds
Domain Reload Profiling:
	ReloadAssembly (864ms)
		BeginReloadAssembly (44ms)
			ExecutionOrderSort (0ms)
			DisableScriptedObjects (0ms)
			BackupInstance (0ms)
			ReleaseScriptingObjects (0ms)
			CreateAndSetChildDomain (1ms)
		EndReloadAssembly (329ms)
			LoadAssemblies (43ms)
			RebuildTransferFunctionScriptingTraits (0ms)
			SetupTypeCache (103ms)
			ReleaseScriptCaches (0ms)
			RebuildScriptCaches (18ms)
			SetupLoadedEditorAssemblies (175ms)
				LogAssemblyErrors (0ms)
				InitializePlatformSupportModulesInManaged (6ms)
				SetLoadedEditorAssemblies (0ms)
				RefreshPlugins (81ms)
				BeforeProcessingInitializeOnLoad (1ms)
				ProcessInitializeOnLoadAttributes (68ms)
				ProcessInitializeOnLoadMethodAttributes (20ms)
				AfterProcessingInitializeOnLoad (0ms)
				EditorAssembliesLoaded (0ms)
			ExecutionOrderSort2 (0ms)
			AwakeInstancesAfterBackupRestoration (0ms)
Platform modules already initialized, skipping
Registering precompiled user dll's ...
Registered in 0.004029 seconds.
Begin MonoManager ReloadAssembly
Native extension for WindowsStandalone target not found
Native extension for OSXStandalone target not found
Native extension for WebGL target not found
Refreshing native plugins compatible for Editor in 80.60 ms, found 4 plugins.
Preloading 0 native plugins for Editor in 0.00 ms.
Mono: successfully reloaded assembly
- Completed reload, in  0.890 seconds
Domain Reload Profiling:
	ReloadAssembly (891ms)
		BeginReloadAssembly (103ms)
			ExecutionOrderSort (0ms)
			DisableScriptedObjects (3ms)
			BackupInstance (0ms)
			ReleaseScriptingObjects (0ms)
			CreateAndSetChildDomain (15ms)
		EndReloadAssembly (746ms)
			LoadAssemblies (71ms)
			RebuildTransferFunctionScriptingTraits (0ms)
			SetupTypeCache (232ms)
			ReleaseScriptCaches (0ms)
			RebuildScriptCaches (35ms)
			SetupLoadedEditorAssemblies (351ms)
				LogAssemblyErrors (0ms)
				InitializePlatformSupportModulesInManaged (4ms)
				SetLoadedEditorAssemblies (0ms)
				RefreshPlugins (81ms)
				BeforeProcessingInitializeOnLoad (68ms)
				ProcessInitializeOnLoadAttributes (183ms)
				ProcessInitializeOnLoadMethodAttributes (10ms)
				AfterProcessingInitializeOnLoad (5ms)
				EditorAssembliesLoaded (0ms)
			ExecutionOrderSort2 (0ms)
			AwakeInstancesAfterBackupRestoration (4ms)
Platform modules already initialized, skipping
========================================================================
Worker process is ready to serve import requests
Launched and connected shader compiler UnityShaderCompiler.exe after 0.03 seconds
Refreshing native plugins compatible for Editor in 0.66 ms, found 4 plugins.
Preloading 0 native plugins for Editor in 0.00 ms.
Unloading 3972 Unused Serialized files (Serialized files now loaded: 0)
System memory in use before: 147.5 MB.
System memory in use after: 147.7 MB.

Unloading 32 unused Assets to reduce memory usage. Loaded Objects now: 4424.
Total: 2.860600 ms (FindLiveObjects: 0.265600 ms CreateObjectMapping: 0.149400 ms MarkObjects: 2.401900 ms  DeleteObjects: 0.043200 ms)

AssetImportParameters requested are different than current active one (requested -> active):
  custom:framework-win-MediaFoundation: 216162199b28c13a410421893ffa2e32 -> 
  custom:video-decoder-ogg-theora: a1e56fd34408186e4bbccfd4996cb3dc -> 
  custom:container-muxer-webm: aa71ff27fc2769a1b78a27578f13a17b -> 
  custom:container-demuxer-webm: 4f35f7cbe854078d1ac9338744f61a02 -> 
  custom:container-demuxer-ogg: 62fdf1f143b41e24485cea50d1cbac27 -> 
  custom:video-encoder-webm-vp8: eb34c28f22e8b96e1ab97ce403110664 -> 
  custom:video-decoder-webm-vp8: 9c59270c3fd7afecdb556c50c9e8de78 -> 
  custom:audio-decoder-ogg-vorbis: bf7c407c2cedff20999df2af8eb42d56 -> 
  custom:audio-encoder-webm-vorbis: bf7c407c2cedff20999df2af8eb42d56 -> 
========================================================================
Received Import Request.
  path: Assets
  artifactKey: Guid(00000000000000001000000000000000) Importer(815301076,1909f56bfc062723c751e8b465ee728b)
Start importing Assets using Guid(00000000000000001000000000000000) Importer(815301076,1909f56bfc062723c751e8b465ee728b)  -> (artifact id: '68a4034d3d715da871e781da702f0bc5') in 0.005308 seconds 
========================================================================
Received Import Request.
  Time since last request: 9.093114 seconds.
  path: Assets/Asset Packs
  artifactKey: Guid(5a55547a474c6ce4fb9b675feca97153) Importer(815301076,1909f56bfc062723c751e8b465ee728b)
Start importing Assets/Asset Packs using Guid(5a55547a474c6ce4fb9b675feca97153) Importer(815301076,1909f56bfc062723c751e8b465ee728b)  -> (artifact id: '43a13de3cc55c7a960431c0c6ce3856f') in 0.001474 seconds 
========================================================================
Received Import Request.
  Time since last request: 22.872527 seconds.
  path: Assets/Asset Packs/preview.png
  artifactKey: Guid(7280b803f14b70146b3a4a34d30369c6) Importer(815301076,1909f56bfc062723c751e8b465ee728b)
Start importing Assets/Asset Packs/preview.png using Guid(7280b803f14b70146b3a4a34d30369c6) Importer(815301076,1909f56bfc062723c751e8b465ee728b)  -> (artifact id: 'bbcae61b54129ae9c7aff0b798afe721') in 0.059578 seconds 
========================================================================
Received Import Request.
  Time since last request: 0.000135 seconds.
  path: Assets/Asset Packs/sample.png
  artifactKey: Guid(94fc9e5d11e24b24ca9b89e24ebdec3b) Importer(815301076,1909f56bfc062723c751e8b465ee728b)
Start importing Assets/Asset Packs/sample.png using Guid(94fc9e5d11e24b24ca9b89e24ebdec3b) Importer(815301076,1909f56bfc062723c751e8b465ee728b)  -> (artifact id: 'c14ee6fb6064a057c30bfa32bdc0e27e') in 0.006734 seconds 
========================================================================
Received Import Request.
  Time since last request: 11.784443 seconds.
  path: Assets/Asset Packs/spaceshooter.zip
  artifactKey: Guid(d2d6aa986505f35488de82495a69a07e) Importer(815301076,1909f56bfc062723c751e8b465ee728b)
Start importing Assets/Asset Packs/spaceshooter.zip using Guid(d2d6aa986505f35488de82495a69a07e) Importer(815301076,1909f56bfc062723c751e8b465ee728b)  -> (artifact id: '250a857dd4844fa20b3781f8151de2c4') in 0.004015 seconds 
========================================================================
Received Import Request.
  Time since last request: 36.672584 seconds.
  path: Assets/Asset Packs/PNG
  artifactKey: Guid(002e65b9b6777b84c86d92462216f371) Importer(815301076,1909f56bfc062723c751e8b465ee728b)
Start importing Assets/Asset Packs/PNG using Guid(002e65b9b6777b84c86d92462216f371) Importer(815301076,1909f56bfc062723c751e8b465ee728b)  -> (artifact id: 'ac9b10dbc2379cce33127917a146d236') in 0.001536 seconds 
========================================================================
Received Import Request.
  Time since last request: 0.056002 seconds.
  path: Assets/Asset Packs/PNG/playerShip1_blue.png
  artifactKey: Guid(78e62482cae6fb84eb2c910505b359f1) Importer(815301076,1909f56bfc062723c751e8b465ee728b)
Start importing Assets/Asset Packs/PNG/playerShip1_blue.png using Guid(78e62482cae6fb84eb2c910505b359f1) Importer(815301076,1909f56bfc062723c751e8b465ee728b)  -> (artifact id: 'b7d4394d846f1959d7c18ceac3c3a7ba') in 0.007676 seconds 
========================================================================
Received Import Request.
  Time since last request: 0.000197 seconds.
  path: Assets/Asset Packs/PNG/playerShip3_green.png
  artifactKey: Guid(3dad47bb161426a44a5931e67ecd9938) Importer(815301076,1909f56bfc062723c751e8b465ee728b)
Start importing Assets/Asset Packs/PNG/playerShip3_green.png using Guid(3dad47bb161426a44a5931e67ecd9938) Importer(815301076,1909f56bfc062723c751e8b465ee728b)  -> (artifact id: 'aae871c0560c0bea7704b70e3ccf0016') in 0.016596 seconds 
========================================================================
Received Import Request.
  Time since last request: 0.000102 seconds.
  path: Assets/Asset Packs/PNG/ufoBlue.png
  artifactKey: Guid(66afea40c38ec744eaa4ff08b77bc869) Importer(815301076,1909f56bfc062723c751e8b465ee728b)
Start importing Assets/Asset Packs/PNG/ufoBlue.png using Guid(66afea40c38ec744eaa4ff08b77bc869) Importer(815301076,1909f56bfc062723c751e8b465ee728b)  -> (artifact id: '000bd73e1089dcca53daae4ee8823cdf') in 0.012711 seconds 
========================================================================
Received Import Request.
  Time since last request: 0.000103 seconds.
  path: Assets/Asset Packs/PNG/playerShip3_orange.png
  artifactKey: Guid(ab1f0de1d273e144e9daa00a52078dd0) Importer(815301076,1909f56bfc062723c751e8b465ee728b)
Start importing Assets/Asset Packs/PNG/playerShip3_orange.png using Guid(ab1f0de1d273e144e9daa00a52078dd0) Importer(815301076,1909f56bfc062723c751e8b465ee728b)  -> (artifact id: '4b83ed43708d59fc9283aee0457d9197') in 0.020855 seconds 
========================================================================
Received Import Request.
  Time since last request: 0.000104 seconds.
  path: Assets/Asset Packs/PNG/playerShip2_green.png
  artifactKey: Guid(331688ab58079024dad948d6f8e23133) Importer(815301076,1909f56bfc062723c751e8b465ee728b)
Start importing Assets/Asset Packs/PNG/playerShip2_green.png using Guid(331688ab58079024dad948d6f8e23133) Importer(815301076,1909f56bfc062723c751e8b465ee728b)  -> (artifact id: '6727f91db60b881c13f38328bec4b98f') in 0.017683 seconds 
========================================================================
Received Import Request.
  Time since last request: 0.000131 seconds.
  path: Assets/Asset Packs/PNG/playerShip1_orange.png
  artifactKey: Guid(c47118e07d2e9924c85a2a323a45ac3e) Importer(815301076,1909f56bfc062723c751e8b465ee728b)
Start importing Assets/Asset Packs/PNG/playerShip1_orange.png using Guid(c47118e07d2e9924c85a2a323a45ac3e) Importer(815301076,1909f56bfc062723c751e8b465ee728b)  -> (artifact id: '0ed4d742b4543998e7fc430278f2e575') in 0.010166 seconds 
========================================================================
Received Import Request.
  Time since last request: 0.000091 seconds.
  path: Assets/Asset Packs/PNG/playerShip1_red.png
  artifactKey: Guid(47c4c378454590e4bac911897a634dee) Importer(815301076,1909f56bfc062723c751e8b465ee728b)
Start importing Assets/Asset Packs/PNG/playerShip1_red.png using Guid(47c4c378454590e4bac911897a634dee) Importer(815301076,1909f56bfc062723c751e8b465ee728b)  -> (artifact id: '4f5efd0f4a9ea12e549d6d5cfd51eb22') in 0.015540 seconds 
========================================================================
Received Import Request.
  Time since last request: 0.000119 seconds.
  path: Assets/Asset Packs/PNG/playerShip1_green.png
  artifactKey: Guid(8207f99877cc1d0459597ea21542f66b) Importer(815301076,1909f56bfc062723c751e8b465ee728b)
Start importing Assets/Asset Packs/PNG/playerShip1_green.png using Guid(8207f99877cc1d0459597ea21542f66b) Importer(815301076,1909f56bfc062723c751e8b465ee728b)  -> (artifact id: 'bbfe492e3cc22b94c22e886ab61dec04') in 0.010273 seconds 
========================================================================
Received Import Request.
  Time since last request: 0.000096 seconds.
  path: Assets/Asset Packs/PNG/playerShip2_red.png
  artifactKey: Guid(e73ddeca6e8c4d4459bdc1f0b4c9d913) Importer(815301076,1909f56bfc062723c751e8b465ee728b)
Start importing Assets/Asset Packs/PNG/playerShip2_red.png using Guid(e73ddeca6e8c4d4459bdc1f0b4c9d913) Importer(815301076,1909f56bfc062723c751e8b465ee728b)  -> (artifact id: '018322af5daa9f2b7a71dadddc036fbc') in 0.015565 seconds 
========================================================================
Received Import Request.
  Time since last request: 0.000135 seconds.
  path: Assets/Asset Packs/PNG/playerShip3_blue.png
  artifactKey: Guid(5956128492060e043b2c9e4d5f0fd1aa) Importer(815301076,1909f56bfc062723c751e8b465ee728b)
Start importing Assets/Asset Packs/PNG/playerShip3_blue.png using Guid(5956128492060e043b2c9e4d5f0fd1aa) Importer(815301076,1909f56bfc062723c751e8b465ee728b)  -> (artifact id: 'e8c8494b977b1815a66b805e82b35102') in 0.010765 seconds 
========================================================================
Received Import Request.
  Time since last request: 0.000097 seconds.
  path: Assets/Asset Packs/PNG/playerShip2_orange.png
  artifactKey: Guid(ca21735a47e8a0c48b816743eda373bb) Importer(815301076,1909f56bfc062723c751e8b465ee728b)
Start importing Assets/Asset Packs/PNG/playerShip2_orange.png using Guid(ca21735a47e8a0c48b816743eda373bb) Importer(815301076,1909f56bfc062723c751e8b465ee728b)  -> (artifact id: 'ea9dd0f07997bef70b36b1c2f43082ff') in 0.023204 seconds 
========================================================================
Received Import Request.
  Time since last request: 0.000099 seconds.
  path: Assets/Asset Packs/PNG/playerShip2_blue.png
  artifactKey: Guid(8841106cd0d91614497f71fd4e07d63b) Importer(815301076,1909f56bfc062723c751e8b465ee728b)
Start importing Assets/Asset Packs/PNG/playerShip2_blue.png using Guid(8841106cd0d91614497f71fd4e07d63b) Importer(815301076,1909f56bfc062723c751e8b465ee728b)  -> (artifact id: 'e855f74982690596278b55e8cc41f6fe') in 0.014924 seconds 
========================================================================
Received Import Request.
  Time since last request: 0.000099 seconds.
  path: Assets/Asset Packs/PNG/playerShip3_red.png
  artifactKey: Guid(b624d60db05b03248997153588802f75) Importer(815301076,1909f56bfc062723c751e8b465ee728b)
Start importing Assets/Asset Packs/PNG/playerShip3_red.png using Guid(b624d60db05b03248997153588802f75) Importer(815301076,1909f56bfc062723c751e8b465ee728b)  -> (artifact id: '441b09f442a198016ddff860b0750099') in 0.012746 seconds 
========================================================================
Received Import Request.
  Time since last request: 0.000096 seconds.
  path: Assets/Asset Packs/PNG/ufoRed.png
  artifactKey: Guid(cbe041065a7db4744bf084c7b4a439f1) Importer(815301076,1909f56bfc062723c751e8b465ee728b)
Start importing Assets/Asset Packs/PNG/ufoRed.png using Guid(cbe041065a7db4744bf084c7b4a439f1) Importer(815301076,1909f56bfc062723c751e8b465ee728b)  -> (artifact id: '8774314b9ed260f41dfb104c217e577d') in 0.011761 seconds 
========================================================================
Received Import Request.
  Time since last request: 0.000101 seconds.
  path: Assets/Asset Packs/PNG/ufoYellow.png
  artifactKey: Guid(981fd8ec8fd3d974e9e6e926c912add1) Importer(815301076,1909f56bfc062723c751e8b465ee728b)
Start importing Assets/Asset Packs/PNG/ufoYellow.png using Guid(981fd8ec8fd3d974e9e6e926c912add1) Importer(815301076,1909f56bfc062723c751e8b465ee728b)  -> (artifact id: 'e11f5ee5608be0f2ade739a10915aab0') in 0.012796 seconds 
========================================================================
Received Import Request.
  Time since last request: 0.000100 seconds.
  path: Assets/Asset Packs/PNG/ufoGreen.png
  artifactKey: Guid(ddbfc5a698f23494ebe3be3a8dca7938) Importer(815301076,1909f56bfc062723c751e8b465ee728b)
Start importing Assets/Asset Packs/PNG/ufoGreen.png using Guid(ddbfc5a698f23494ebe3be3a8dca7938) Importer(815301076,1909f56bfc062723c751e8b465ee728b)  -> (artifact id: '0cefdb55d6ad8d8f474fec0653e41820') in 0.012237 seconds 
========================================================================
Received Import Request.
  Time since last request: 84.265969 seconds.
  path: Assets/Prefabs
  artifactKey: Guid(04cd0fc63f566f84b8fed34043f1982a) Importer(815301076,1909f56bfc062723c751e8b465ee728b)
Start importing Assets/Prefabs using Guid(04cd0fc63f566f84b8fed34043f1982a) Importer(815301076,1909f56bfc062723c751e8b465ee728b)  -> (artifact id: 'b39a32bdfc7e007b11e3bc43ff07fad4') in 0.001406 seconds 
========================================================================
Received Import Request.
  Time since last request: 8.481113 seconds.
  path: Assets/Prefabs/Player.prefab
  artifactKey: Guid(98e82affd8ff2b14388bbe093e437e4f) Importer(815301076,1909f56bfc062723c751e8b465ee728b)
Start importing Assets/Prefabs/Player.prefab using Guid(98e82affd8ff2b14388bbe093e437e4f) Importer(815301076,1909f56bfc062723c751e8b465ee728b)  -> (artifact id: 'f2f9466d1c53472913421590b3ff78bb') in 0.020776 seconds 
========================================================================
Received Import Request.
  Time since last request: 34.352820 seconds.
  path: Assets/Asset Packs/PNG/Enemies
  artifactKey: Guid(eb82179945bbbd2448a493e2b97b4a1d) Importer(815301076,1909f56bfc062723c751e8b465ee728b)
Start importing Assets/Asset Packs/PNG/Enemies using Guid(eb82179945bbbd2448a493e2b97b4a1d) Importer(815301076,1909f56bfc062723c751e8b465ee728b)  -> (artifact id: '6f114a6c37c4be153f60298a711b0a53') in 0.001461 seconds 
========================================================================
Received Import Request.
  Time since last request: 0.062213 seconds.
  path: Assets/Asset Packs/PNG/Enemies/enemyBlack1.png
  artifactKey: Guid(87dd01fd1507a4d479b3fc881764c7e1) Importer(815301076,1909f56bfc062723c751e8b465ee728b)
Start importing Assets/Asset Packs/PNG/Enemies/enemyBlack1.png using Guid(87dd01fd1507a4d479b3fc881764c7e1) Importer(815301076,1909f56bfc062723c751e8b465ee728b)  -> (artifact id: '925e95a2e4e4d6e580641a9fcd887b65') in 0.008830 seconds 
========================================================================
Received Import Request.
  Time since last request: 0.000128 seconds.
  path: Assets/Asset Packs/PNG/Enemies/enemyBlack3.png
  artifactKey: Guid(14eb11c35d51de6459936aaeda866b5a) Importer(815301076,1909f56bfc062723c751e8b465ee728b)
Start importing Assets/Asset Packs/PNG/Enemies/enemyBlack3.png using Guid(14eb11c35d51de6459936aaeda866b5a) Importer(815301076,1909f56bfc062723c751e8b465ee728b)  -> (artifact id: '187af4869178aa797a144cd6d2fa9005') in 0.027662 seconds 
========================================================================
Received Import Request.
  Time since last request: 0.000100 seconds.
  path: Assets/Asset Packs/PNG/Enemies/enemyBlack2.png
  artifactKey: Guid(1b8393b39712d7d41b9cf1a36c11d113) Importer(815301076,1909f56bfc062723c751e8b465ee728b)
Start importing Assets/Asset Packs/PNG/Enemies/enemyBlack2.png using Guid(1b8393b39712d7d41b9cf1a36c11d113) Importer(815301076,1909f56bfc062723c751e8b465ee728b)  -> (artifact id: 'bd5b9cde9900c4caf9de6dda4685655b') in 0.007203 seconds 
========================================================================
Received Import Request.
  Time since last request: 0.000107 seconds.
  path: Assets/Asset Packs/PNG/Enemies/enemyBlue3.png
  artifactKey: Guid(66d8b1f139202b44e902d6c52a8fca06) Importer(815301076,1909f56bfc062723c751e8b465ee728b)
Start importing Assets/Asset Packs/PNG/Enemies/enemyBlue3.png using Guid(66d8b1f139202b44e902d6c52a8fca06) Importer(815301076,1909f56bfc062723c751e8b465ee728b)  -> (artifact id: '1285dc8b3c04c0a0a35ce8d70b1488a2') in 0.005470 seconds 
========================================================================
Received Import Request.
  Time since last request: 0.000117 seconds.
  path: Assets/Asset Packs/PNG/Enemies/enemyGreen2.png
  artifactKey: Guid(35370533ff42da843baf83f50eba8986) Importer(815301076,1909f56bfc062723c751e8b465ee728b)
Start importing Assets/Asset Packs/PNG/Enemies/enemyGreen2.png using Guid(35370533ff42da843baf83f50eba8986) Importer(815301076,1909f56bfc062723c751e8b465ee728b)  -> (artifact id: '4a3be743cb7f2068316ba4c3467d5619') in 0.008024 seconds 
========================================================================
Received Import Request.
  Time since last request: 0.000103 seconds.
  path: Assets/Asset Packs/PNG/Enemies/enemyRed3.png
  artifactKey: Guid(3845d2748b8bc2b48a8dc5f89431ed3c) Importer(815301076,1909f56bfc062723c751e8b465ee728b)
Start importing Assets/Asset Packs/PNG/Enemies/enemyRed3.png using Guid(3845d2748b8bc2b48a8dc5f89431ed3c) Importer(815301076,1909f56bfc062723c751e8b465ee728b)  -> (artifact id: '76eec12061ad5b2c5c675fac46d7000d') in 0.006879 seconds 
========================================================================
Received Import Request.
  Time since last request: 0.000104 seconds.
  path: Assets/Asset Packs/PNG/Enemies/enemyGreen3.png
  artifactKey: Guid(7c11314561df53144ae35e1988821915) Importer(815301076,1909f56bfc062723c751e8b465ee728b)
Start importing Assets/Asset Packs/PNG/Enemies/enemyGreen3.png using Guid(7c11314561df53144ae35e1988821915) Importer(815301076,1909f56bfc062723c751e8b465ee728b)  -> (artifact id: '563b3d5af88ff054e0696726a7935f5a') in 0.005660 seconds 
========================================================================
Received Import Request.
  Time since last request: 0.000102 seconds.
  path: Assets/Asset Packs/PNG/Enemies/enemyBlack5.png
  artifactKey: Guid(1fda324beb20e4a4db00600ed08a2450) Importer(815301076,1909f56bfc062723c751e8b465ee728b)
Start importing Assets/Asset Packs/PNG/Enemies/enemyBlack5.png using Guid(1fda324beb20e4a4db00600ed08a2450) Importer(815301076,1909f56bfc062723c751e8b465ee728b)  -> (artifact id: '83bbce2622cfb6b5a23093992e9e30e2') in 0.006161 seconds 
========================================================================
Received Import Request.
  Time since last request: 0.000104 seconds.
  path: Assets/Asset Packs/PNG/Enemies/enemyBlue5.png
  artifactKey: Guid(81325e5f534083b4dbbb785af2debd3d) Importer(815301076,1909f56bfc062723c751e8b465ee728b)
Start importing Assets/Asset Packs/PNG/Enemies/enemyBlue5.png using Guid(81325e5f534083b4dbbb785af2debd3d) Importer(815301076,1909f56bfc062723c751e8b465ee728b)  -> (artifact id: 'ff06820bbfeb4f159da35d7f4362538c') in 0.005738 seconds 
========================================================================
Received Import Request.
  Time since last request: 0.000099 seconds.
  path: Assets/Asset Packs/PNG/Enemies/enemyGreen1.png
  artifactKey: Guid(37074d1544a0d39479c744abefc3f6c1) Importer(815301076,1909f56bfc062723c751e8b465ee728b)
Start importing Assets/Asset Packs/PNG/Enemies/enemyGreen1.png using Guid(37074d1544a0d39479c744abefc3f6c1) Importer(815301076,1909f56bfc062723c751e8b465ee728b)  -> (artifact id: 'ec55bb9a966d4fb93421d1d8319b6ed3') in 0.005992 seconds 
========================================================================
Received Import Request.
  Time since last request: 0.000094 seconds.
  path: Assets/Asset Packs/PNG/Enemies/enemyGreen4.png
  artifactKey: Guid(2297483a0570b9346a4a14a528535bc5) Importer(815301076,1909f56bfc062723c751e8b465ee728b)
Start importing Assets/Asset Packs/PNG/Enemies/enemyGreen4.png using Guid(2297483a0570b9346a4a14a528535bc5) Importer(815301076,1909f56bfc062723c751e8b465ee728b)  -> (artifact id: 'a49fe2e926da1b1fbcce97664eba1dbb') in 0.007952 seconds 
========================================================================
Received Import Request.
  Time since last request: 0.000100 seconds.
  path: Assets/Asset Packs/PNG/Enemies/enemyBlue1.png
  artifactKey: Guid(78eaeafcaa9f6844b94dc523f5065b9b) Importer(815301076,1909f56bfc062723c751e8b465ee728b)
Start importing Assets/Asset Packs/PNG/Enemies/enemyBlue1.png using Guid(78eaeafcaa9f6844b94dc523f5065b9b) Importer(815301076,1909f56bfc062723c751e8b465ee728b)  -> (artifact id: '8b55fa1f890b84f9a5bdff00df5b97c0') in 0.005515 seconds 
========================================================================
Received Import Request.
  Time since last request: 0.000094 seconds.
  path: Assets/Asset Packs/PNG/Enemies/enemyBlue4.png
  artifactKey: Guid(c44324fa042c8ae49a39c1290b7114a6) Importer(815301076,1909f56bfc062723c751e8b465ee728b)
Start importing Assets/Asset Packs/PNG/Enemies/enemyBlue4.png using Guid(c44324fa042c8ae49a39c1290b7114a6) Importer(815301076,1909f56bfc062723c751e8b465ee728b)  -> (artifact id: 'c19252089bf5d9599076aa2f7775f44e') in 0.005960 seconds 
========================================================================
Received Import Request.
  Time since last request: 0.000093 seconds.
  path: Assets/Asset Packs/PNG/Enemies/enemyBlue2.png
  artifactKey: Guid(a5beadd21781d7d42b01086b597cad1a) Importer(815301076,1909f56bfc062723c751e8b465ee728b)
Start importing Assets/Asset Packs/PNG/Enemies/enemyBlue2.png using Guid(a5beadd21781d7d42b01086b597cad1a) Importer(815301076,1909f56bfc062723c751e8b465ee728b)  -> (artifact id: 'f827b62d370fda116f47b634f9554f52') in 0.006340 seconds 
========================================================================
Received Import Request.
  Time since last request: 0.000103 seconds.
  path: Assets/Asset Packs/PNG/Enemies/enemyGreen5.png
  artifactKey: Guid(36beb8182ce18124aa78550e1c09c825) Importer(815301076,1909f56bfc062723c751e8b465ee728b)
Start importing Assets/Asset Packs/PNG/Enemies/enemyGreen5.png using Guid(36beb8182ce18124aa78550e1c09c825) Importer(815301076,1909f56bfc062723c751e8b465ee728b)  -> (artifact id: '1cd0edd564f3503993aeb035b85076ad') in 0.005453 seconds 
========================================================================
Received Import Request.
  Time since last request: 0.000102 seconds.
  path: Assets/Asset Packs/PNG/Enemies/enemyRed1.png
  artifactKey: Guid(698f54f4977a31e4da58c97466830369) Importer(815301076,1909f56bfc062723c751e8b465ee728b)
Start importing Assets/Asset Packs/PNG/Enemies/enemyRed1.png using Guid(698f54f4977a31e4da58c97466830369) Importer(815301076,1909f56bfc062723c751e8b465ee728b)  -> (artifact id: '93af2a66bad16c95da992cd8a0991992') in 0.005419 seconds 
========================================================================
Received Import Request.
  Time since last request: 0.000097 seconds.
  path: Assets/Asset Packs/PNG/Enemies/enemyRed2.png
  artifactKey: Guid(aa360bd2801e5084dae46a240a3fd8aa) Importer(815301076,1909f56bfc062723c751e8b465ee728b)
Start importing Assets/Asset Packs/PNG/Enemies/enemyRed2.png using Guid(aa360bd2801e5084dae46a240a3fd8aa) Importer(815301076,1909f56bfc062723c751e8b465ee728b)  -> (artifact id: 'ba4cf202e0a36810a1b2d64b73e1331c') in 0.005640 seconds 
========================================================================
Received Import Request.
  Time since last request: 0.000088 seconds.
  path: Assets/Asset Packs/PNG/Enemies/enemyRed5.png
  artifactKey: Guid(2f0c8d20f2955da43890175ff2db09eb) Importer(815301076,1909f56bfc062723c751e8b465ee728b)
Start importing Assets/Asset Packs/PNG/Enemies/enemyRed5.png using Guid(2f0c8d20f2955da43890175ff2db09eb) Importer(815301076,1909f56bfc062723c751e8b465ee728b)  -> (artifact id: 'f0ff9c0a789d47522e842eb6ed07f68a') in 0.007844 seconds 
========================================================================
Received Import Request.
  Time since last request: 0.000096 seconds.
  path: Assets/Asset Packs/PNG/Enemies/enemyBlack4.png
  artifactKey: Guid(bac44d37a3934a9419d3efed05401556) Importer(815301076,1909f56bfc062723c751e8b465ee728b)
Start importing Assets/Asset Packs/PNG/Enemies/enemyBlack4.png using Guid(bac44d37a3934a9419d3efed05401556) Importer(815301076,1909f56bfc062723c751e8b465ee728b)  -> (artifact id: 'a4f9278b0f78b2ee2b3772bf5c74fe5f') in 0.005575 seconds 
========================================================================
Received Import Request.
  Time since last request: 0.000101 seconds.
  path: Assets/Asset Packs/PNG/Enemies/enemyRed4.png
  artifactKey: Guid(730aee7fd2a31d149be2d099c7718555) Importer(815301076,1909f56bfc062723c751e8b465ee728b)
Start importing Assets/Asset Packs/PNG/Enemies/enemyRed4.png using Guid(730aee7fd2a31d149be2d099c7718555) Importer(815301076,1909f56bfc062723c751e8b465ee728b)  -> (artifact id: '4a4a7acd0e35038d6f343adc7ea20525') in 0.005318 seconds 
========================================================================
Received Import Request.
  Time since last request: 34.793777 seconds.
  path: Assets/Prefabs/enemy 0.prefab
  artifactKey: Guid(6bf6807c5d40b0648aea084d105fc9bb) Importer(815301076,1909f56bfc062723c751e8b465ee728b)
Start importing Assets/Prefabs/enemy 0.prefab using Guid(6bf6807c5d40b0648aea084d105fc9bb) Importer(815301076,1909f56bfc062723c751e8b465ee728b)  -> (artifact id: 'e8e73209988da4fb29a193fa092e5c3d') in 0.008020 seconds 
========================================================================
Received Import Request.
  Time since last request: 146.234130 seconds.
  path: Assets/Asset Packs/Backgrounds/black.png
  artifactKey: Guid(767b3ec5bd680574bafabf6d6d25a377) Importer(815301076,1909f56bfc062723c751e8b465ee728b)
Start importing Assets/Asset Packs/Backgrounds/black.png using Guid(767b3ec5bd680574bafabf6d6d25a377) Importer(815301076,1909f56bfc062723c751e8b465ee728b)  -> (artifact id: '27c0edf537be1116a3833fda9063a67a') in 0.007395 seconds 
========================================================================
Received Import Request.
  Time since last request: 0.000096 seconds.
  path: Assets/Asset Packs/Backgrounds/darkPurple.png
  artifactKey: Guid(c37f0b6f7f6f86e4c9ee4136da70c98c) Importer(815301076,1909f56bfc062723c751e8b465ee728b)
Start importing Assets/Asset Packs/Backgrounds/darkPurple.png using Guid(c37f0b6f7f6f86e4c9ee4136da70c98c) Importer(815301076,1909f56bfc062723c751e8b465ee728b)  -> (artifact id: 'e3e1d962dc91e80455321015569916d7') in 0.008790 seconds 
========================================================================
Received Import Request.
  Time since last request: 0.000092 seconds.
  path: Assets/Asset Packs/Backgrounds/purple.png
  artifactKey: Guid(2cc172bf9a1258f4f90d130ecd19cdfd) Importer(815301076,1909f56bfc062723c751e8b465ee728b)
Start importing Assets/Asset Packs/Backgrounds/purple.png using Guid(2cc172bf9a1258f4f90d130ecd19cdfd) Importer(815301076,1909f56bfc062723c751e8b465ee728b)  -> (artifact id: '8c4f474a945fcf6371fb2f39cfcbb524') in 0.009974 seconds 
========================================================================
Received Import Request.
  Time since last request: 0.000090 seconds.
  path: Assets/Asset Packs/Backgrounds/blue.png
  artifactKey: Guid(124256b138297724fbf156a2b36236e6) Importer(815301076,1909f56bfc062723c751e8b465ee728b)
Start importing Assets/Asset Packs/Backgrounds/blue.png using Guid(124256b138297724fbf156a2b36236e6) Importer(815301076,1909f56bfc062723c751e8b465ee728b)  -> (artifact id: '9f0afb98e1d742c40cf33df2b56d745b') in 0.008551 seconds 
========================================================================
Received Import Request.
  Time since last request: 1682.068501 seconds.
  path: Assets/Asset Packs/spaceshooter
  artifactKey: Guid(b8ae8ba46b7088a49a5a8b70eb9c3374) Importer(815301076,1909f56bfc062723c751e8b465ee728b)
Start importing Assets/Asset Packs/spaceshooter using Guid(b8ae8ba46b7088a49a5a8b70eb9c3374) Importer(815301076,1909f56bfc062723c751e8b465ee728b)  -> (artifact id: '297742ef40e5e2bc26d71e5146be073f') in 0.001355 seconds 
========================================================================
Received Import Request.
  Time since last request: 2.060207 seconds.
  path: Assets/Asset Packs/Spritesheet
  artifactKey: Guid(df1866c76ddce874082a111f8d388213) Importer(815301076,1909f56bfc062723c751e8b465ee728b)
Start importing Assets/Asset Packs/Spritesheet using Guid(df1866c76ddce874082a111f8d388213) Importer(815301076,1909f56bfc062723c751e8b465ee728b)  -> (artifact id: 'fcf6d8ba4d57247a54b10818ec0c8b3f') in 0.009351 seconds 
========================================================================
Received Import Request.
  Time since last request: 22.669362 seconds.
  path: Assets/Asset Packs/starfield.png
  artifactKey: Guid(02343505f309cce4e9235250a1f45dc1) Importer(815301076,1909f56bfc062723c751e8b465ee728b)
Start importing Assets/Asset Packs/starfield.png using Guid(02343505f309cce4e9235250a1f45dc1) Importer(815301076,1909f56bfc062723c751e8b465ee728b)  -> (artifact id: '6b4b6afb901a0e249d5255bb8a37896c') in 0.029185 seconds 
========================================================================
Received Import Request.
  Time since last request: 840.429159 seconds.
  path: Assets/Prefabs/Player.prefab
  artifactKey: Guid(98e82affd8ff2b14388bbe093e437e4f) Importer(815301076,1909f56bfc062723c751e8b465ee728b)
Start importing Assets/Prefabs/Player.prefab using Guid(98e82affd8ff2b14388bbe093e437e4f) Importer(815301076,1909f56bfc062723c751e8b465ee728b)  -> (artifact id: '4d8f0f73ffbc4aa21529c5496dcb888e') in 0.014250 seconds 
========================================================================
Received Import Request.
  Time since last request: 70.673198 seconds.
  path: Assets/InputActions.inputactions
  artifactKey: Guid(491c122aea94b004fbd970052806a575) Importer(815301076,1909f56bfc062723c751e8b465ee728b)
Start importing Assets/InputActions.inputactions using Guid(491c122aea94b004fbd970052806a575) Importer(815301076,1909f56bfc062723c751e8b465ee728b)  -> (artifact id: '9247f1db46b2a1b2690cc68fdd9d2ac8') in 0.008724 seconds 
========================================================================
Received Import Request.
  Time since last request: 1005.879545 seconds.
  path: Assets/InputSystem.inputsettings.asset
  artifactKey: Guid(2c4b8e301661c6f48823f67f2f7b704f) Importer(815301076,1909f56bfc062723c751e8b465ee728b)
Start importing Assets/InputSystem.inputsettings.asset using Guid(2c4b8e301661c6f48823f67f2f7b704f) Importer(815301076,1909f56bfc062723c751e8b465ee728b)  -> (artifact id: 'ad412389739ec66fb4d8f7ba57dbeaf1') in 0.003384 seconds 
========================================================================
Received Prepare
Registering precompiled user dll's ...
Registered in 0.005056 seconds.
Begin MonoManager ReloadAssembly
Native extension for WindowsStandalone target not found
Native extension for OSXStandalone target not found
Native extension for WebGL target not found
Refreshing native plugins compatible for Editor in 0.77 ms, found 4 plugins.
Preloading 0 native plugins for Editor in 0.00 ms.
Mono: successfully reloaded assembly
- Completed reload, in  0.826 seconds
Domain Reload Profiling:
	ReloadAssembly (826ms)
		BeginReloadAssembly (99ms)
			ExecutionOrderSort (0ms)
			DisableScriptedObjects (5ms)
			BackupInstance (0ms)
			ReleaseScriptingObjects (0ms)
			CreateAndSetChildDomain (34ms)
		EndReloadAssembly (685ms)
			LoadAssemblies (69ms)
			RebuildTransferFunctionScriptingTraits (0ms)
			SetupTypeCache (228ms)
			ReleaseScriptCaches (1ms)
			RebuildScriptCaches (30ms)
			SetupLoadedEditorAssemblies (262ms)
				LogAssemblyErrors (0ms)
				InitializePlatformSupportModulesInManaged (5ms)
				SetLoadedEditorAssemblies (0ms)
				RefreshPlugins (1ms)
				BeforeProcessingInitializeOnLoad (62ms)
				ProcessInitializeOnLoadAttributes (183ms)
				ProcessInitializeOnLoadMethodAttributes (6ms)
				AfterProcessingInitializeOnLoad (5ms)
				EditorAssembliesLoaded (0ms)
			ExecutionOrderSort2 (0ms)
			AwakeInstancesAfterBackupRestoration (14ms)
Platform modules already initialized, skipping
Refreshing native plugins compatible for Editor in 0.71 ms, found 4 plugins.
Preloading 0 native plugins for Editor in 0.00 ms.
Unloading 4006 Unused Serialized files (Serialized files now loaded: 0)
System memory in use before: 175.1 MB.
System memory in use after: 175.3 MB.

Unloading 18 unused Assets to reduce memory usage. Loaded Objects now: 5104.
Total: 3.308200 ms (FindLiveObjects: 0.310200 ms CreateObjectMapping: 0.152500 ms MarkObjects: 2.829400 ms  DeleteObjects: 0.015300 ms)

AssetImportParameters requested are different than current active one (requested -> active):
  custom:framework-win-MediaFoundation: 216162199b28c13a410421893ffa2e32 -> 
  custom:video-decoder-ogg-theora: a1e56fd34408186e4bbccfd4996cb3dc -> 
  custom:container-muxer-webm: aa71ff27fc2769a1b78a27578f13a17b -> 
  custom:container-demuxer-webm: 4f35f7cbe854078d1ac9338744f61a02 -> 
  custom:container-demuxer-ogg: 62fdf1f143b41e24485cea50d1cbac27 -> 
  custom:video-encoder-webm-vp8: eb34c28f22e8b96e1ab97ce403110664 -> 
  custom:video-decoder-webm-vp8: 9c59270c3fd7afecdb556c50c9e8de78 -> 
  custom:audio-decoder-ogg-vorbis: bf7c407c2cedff20999df2af8eb42d56 -> 
  custom:audio-encoder-webm-vorbis: bf7c407c2cedff20999df2af8eb42d56 -> 
========================================================================
Received Import Request.
  Time since last request: 38.425686 seconds.
  path: Assets/Player.cs
  artifactKey: Guid(0a0ef7e60a3d6fd499df35e5dea4365d) Importer(815301076,1909f56bfc062723c751e8b465ee728b)
Start importing Assets/Player.cs using Guid(0a0ef7e60a3d6fd499df35e5dea4365d) Importer(815301076,1909f56bfc062723c751e8b465ee728b)  -> (artifact id: '3df32d15540e1bd85fe6d3954013dd8d') in 0.012040 seconds 
========================================================================
Received Import Request.
  Time since last request: 113.447138 seconds.
  path: Assets/Player.cs
  artifactKey: Guid(0a0ef7e60a3d6fd499df35e5dea4365d) Importer(815301076,1909f56bfc062723c751e8b465ee728b)
Start importing Assets/Player.cs using Guid(0a0ef7e60a3d6fd499df35e5dea4365d) Importer(815301076,1909f56bfc062723c751e8b465ee728b)  -> (artifact id: '2cfd9e23de224f1c7102c44683b05444') in 0.001712 seconds 
========================================================================
Received Prepare
Registering precompiled user dll's ...
Registered in 0.003901 seconds.
Begin MonoManager ReloadAssembly
Native extension for WindowsStandalone target not found
Native extension for OSXStandalone target not found
Native extension for WebGL target not found
Refreshing native plugins compatible for Editor in 0.73 ms, found 4 plugins.
Preloading 0 native plugins for Editor in 0.00 ms.
Mono: successfully reloaded assembly
- Completed reload, in  0.763 seconds
Domain Reload Profiling:
	ReloadAssembly (763ms)
		BeginReloadAssembly (95ms)
			ExecutionOrderSort (0ms)
			DisableScriptedObjects (8ms)
			BackupInstance (0ms)
			ReleaseScriptingObjects (0ms)
			CreateAndSetChildDomain (30ms)
		EndReloadAssembly (627ms)
			LoadAssemblies (69ms)
			RebuildTransferFunctionScriptingTraits (0ms)
			SetupTypeCache (223ms)
			ReleaseScriptCaches (1ms)
			RebuildScriptCaches (28ms)
			SetupLoadedEditorAssemblies (233ms)
				LogAssemblyErrors (0ms)
				InitializePlatformSupportModulesInManaged (5ms)
				SetLoadedEditorAssemblies (0ms)
				RefreshPlugins (1ms)
				BeforeProcessingInitializeOnLoad (49ms)
				ProcessInitializeOnLoadAttributes (167ms)
				ProcessInitializeOnLoadMethodAttributes (6ms)
				AfterProcessingInitializeOnLoad (5ms)
				EditorAssembliesLoaded (0ms)
			ExecutionOrderSort2 (0ms)
			AwakeInstancesAfterBackupRestoration (14ms)
Platform modules already initialized, skipping
Refreshing native plugins compatible for Editor in 0.45 ms, found 4 plugins.
Preloading 0 native plugins for Editor in 0.00 ms.
Unloading 3963 Unused Serialized files (Serialized files now loaded: 0)
System memory in use before: 173.3 MB.
System memory in use after: 173.6 MB.

Unloading 18 unused Assets to reduce memory usage. Loaded Objects now: 5107.
Total: 3.209600 ms (FindLiveObjects: 0.298800 ms CreateObjectMapping: 0.131900 ms MarkObjects: 2.766400 ms  DeleteObjects: 0.011800 ms)

AssetImportParameters requested are different than current active one (requested -> active):
  custom:framework-win-MediaFoundation: 216162199b28c13a410421893ffa2e32 -> 
  custom:video-decoder-ogg-theora: a1e56fd34408186e4bbccfd4996cb3dc -> 
  custom:container-muxer-webm: aa71ff27fc2769a1b78a27578f13a17b -> 
  custom:container-demuxer-webm: 4f35f7cbe854078d1ac9338744f61a02 -> 
  custom:container-demuxer-ogg: 62fdf1f143b41e24485cea50d1cbac27 -> 
  custom:video-encoder-webm-vp8: eb34c28f22e8b96e1ab97ce403110664 -> 
  custom:video-decoder-webm-vp8: 9c59270c3fd7afecdb556c50c9e8de78 -> 
  custom:audio-decoder-ogg-vorbis: bf7c407c2cedff20999df2af8eb42d56 -> 
  custom:audio-encoder-webm-vorbis: bf7c407c2cedff20999df2af8eb42d56 -> 
========================================================================
Received Prepare
Registering precompiled user dll's ...
Registered in 0.003871 seconds.
Begin MonoManager ReloadAssembly
Native extension for WindowsStandalone target not found
Native extension for OSXStandalone target not found
Native extension for WebGL target not found
Refreshing native plugins compatible for Editor in 0.72 ms, found 4 plugins.
Preloading 0 native plugins for Editor in 0.00 ms.
Mono: successfully reloaded assembly
- Completed reload, in  0.770 seconds
Domain Reload Profiling:
	ReloadAssembly (770ms)
		BeginReloadAssembly (97ms)
			ExecutionOrderSort (0ms)
			DisableScriptedObjects (7ms)
			BackupInstance (0ms)
			ReleaseScriptingObjects (0ms)
			CreateAndSetChildDomain (31ms)
		EndReloadAssembly (627ms)
			LoadAssemblies (73ms)
			RebuildTransferFunctionScriptingTraits (0ms)
			SetupTypeCache (224ms)
			ReleaseScriptCaches (1ms)
			RebuildScriptCaches (28ms)
			SetupLoadedEditorAssemblies (230ms)
				LogAssemblyErrors (0ms)
				InitializePlatformSupportModulesInManaged (5ms)
				SetLoadedEditorAssemblies (0ms)
				RefreshPlugins (1ms)
				BeforeProcessingInitializeOnLoad (49ms)
				ProcessInitializeOnLoadAttributes (164ms)
				ProcessInitializeOnLoadMethodAttributes (5ms)
				AfterProcessingInitializeOnLoad (5ms)
				EditorAssembliesLoaded (0ms)
			ExecutionOrderSort2 (0ms)
			AwakeInstancesAfterBackupRestoration (13ms)
Platform modules already initialized, skipping
Refreshing native plugins compatible for Editor in 0.49 ms, found 4 plugins.
Preloading 0 native plugins for Editor in 0.00 ms.
Unloading 3963 Unused Serialized files (Serialized files now loaded: 0)
System memory in use before: 173.4 MB.
System memory in use after: 173.7 MB.

Unloading 18 unused Assets to reduce memory usage. Loaded Objects now: 5110.
Total: 3.200900 ms (FindLiveObjects: 0.275300 ms CreateObjectMapping: 0.125100 ms MarkObjects: 2.787000 ms  DeleteObjects: 0.012900 ms)

AssetImportParameters requested are different than current active one (requested -> active):
  custom:framework-win-MediaFoundation: 216162199b28c13a410421893ffa2e32 -> 
  custom:video-decoder-ogg-theora: a1e56fd34408186e4bbccfd4996cb3dc -> 
  custom:container-muxer-webm: aa71ff27fc2769a1b78a27578f13a17b -> 
  custom:container-demuxer-webm: 4f35f7cbe854078d1ac9338744f61a02 -> 
  custom:container-demuxer-ogg: 62fdf1f143b41e24485cea50d1cbac27 -> 
  custom:video-encoder-webm-vp8: eb34c28f22e8b96e1ab97ce403110664 -> 
  custom:video-decoder-webm-vp8: 9c59270c3fd7afecdb556c50c9e8de78 -> 
  custom:audio-decoder-ogg-vorbis: bf7c407c2cedff20999df2af8eb42d56 -> 
  custom:audio-encoder-webm-vorbis: bf7c407c2cedff20999df2af8eb42d56 -> 
========================================================================
Received Prepare
Registering precompiled user dll's ...
Registered in 0.003887 seconds.
Begin MonoManager ReloadAssembly
Native extension for WindowsStandalone target not found
Native extension for OSXStandalone target not found
Native extension for WebGL target not found
Refreshing native plugins compatible for Editor in 0.75 ms, found 4 plugins.
Preloading 0 native plugins for Editor in 0.00 ms.
Mono: successfully reloaded assembly
- Completed reload, in  0.770 seconds
Domain Reload Profiling:
	ReloadAssembly (770ms)
		BeginReloadAssembly (94ms)
			ExecutionOrderSort (0ms)
			DisableScriptedObjects (7ms)
			BackupInstance (0ms)
			ReleaseScriptingObjects (0ms)
			CreateAndSetChildDomain (29ms)
		EndReloadAssembly (634ms)
			LoadAssemblies (69ms)
			RebuildTransferFunctionScriptingTraits (0ms)
			SetupTypeCache (231ms)
			ReleaseScriptCaches (1ms)
			RebuildScriptCaches (28ms)
			SetupLoadedEditorAssemblies (232ms)
				LogAssemblyErrors (0ms)
				InitializePlatformSupportModulesInManaged (5ms)
				SetLoadedEditorAssemblies (0ms)
				RefreshPlugins (1ms)
				BeforeProcessingInitializeOnLoad (49ms)
				ProcessInitializeOnLoadAttributes (167ms)
				ProcessInitializeOnLoadMethodAttributes (5ms)
				AfterProcessingInitializeOnLoad (5ms)
				EditorAssembliesLoaded (0ms)
			ExecutionOrderSort2 (0ms)
			AwakeInstancesAfterBackupRestoration (13ms)
Platform modules already initialized, skipping
Refreshing native plugins compatible for Editor in 0.52 ms, found 4 plugins.
Preloading 0 native plugins for Editor in 0.00 ms.
Unloading 3963 Unused Serialized files (Serialized files now loaded: 0)
System memory in use before: 173.5 MB.
System memory in use after: 173.7 MB.

Unloading 18 unused Assets to reduce memory usage. Loaded Objects now: 5113.
Total: 3.075800 ms (FindLiveObjects: 0.272300 ms CreateObjectMapping: 0.124300 ms MarkObjects: 2.665900 ms  DeleteObjects: 0.012800 ms)

AssetImportParameters requested are different than current active one (requested -> active):
  custom:framework-win-MediaFoundation: 216162199b28c13a410421893ffa2e32 -> 
  custom:video-decoder-ogg-theora: a1e56fd34408186e4bbccfd4996cb3dc -> 
  custom:container-muxer-webm: aa71ff27fc2769a1b78a27578f13a17b -> 
  custom:container-demuxer-webm: 4f35f7cbe854078d1ac9338744f61a02 -> 
  custom:container-demuxer-ogg: 62fdf1f143b41e24485cea50d1cbac27 -> 
  custom:video-encoder-webm-vp8: eb34c28f22e8b96e1ab97ce403110664 -> 
  custom:video-decoder-webm-vp8: 9c59270c3fd7afecdb556c50c9e8de78 -> 
  custom:audio-decoder-ogg-vorbis: bf7c407c2cedff20999df2af8eb42d56 -> 
  custom:audio-encoder-webm-vorbis: bf7c407c2cedff20999df2af8eb42d56 -> 
========================================================================
Received Prepare
Registering precompiled user dll's ...
Registered in 0.003777 seconds.
Begin MonoManager ReloadAssembly
Native extension for WindowsStandalone target not found
Native extension for OSXStandalone target not found
Native extension for WebGL target not found
Refreshing native plugins compatible for Editor in 0.72 ms, found 4 plugins.
Preloading 0 native plugins for Editor in 0.00 ms.
Mono: successfully reloaded assembly
- Completed reload, in  0.755 seconds
Domain Reload Profiling:
	ReloadAssembly (756ms)
		BeginReloadAssembly (93ms)
			ExecutionOrderSort (0ms)
			DisableScriptedObjects (8ms)
			BackupInstance (0ms)
			ReleaseScriptingObjects (0ms)
			CreateAndSetChildDomain (29ms)
		EndReloadAssembly (622ms)
			LoadAssemblies (68ms)
			RebuildTransferFunctionScriptingTraits (0ms)
			SetupTypeCache (221ms)
			ReleaseScriptCaches (1ms)
			RebuildScriptCaches (28ms)
			SetupLoadedEditorAssemblies (232ms)
				LogAssemblyErrors (0ms)
				InitializePlatformSupportModulesInManaged (5ms)
				SetLoadedEditorAssemblies (0ms)
				RefreshPlugins (1ms)
				BeforeProcessingInitializeOnLoad (50ms)
				ProcessInitializeOnLoadAttributes (165ms)
				ProcessInitializeOnLoadMethodAttributes (5ms)
				AfterProcessingInitializeOnLoad (5ms)
				EditorAssembliesLoaded (0ms)
			ExecutionOrderSort2 (0ms)
			AwakeInstancesAfterBackupRestoration (13ms)
Platform modules already initialized, skipping
Refreshing native plugins compatible for Editor in 0.60 ms, found 4 plugins.
Preloading 0 native plugins for Editor in 0.00 ms.
Unloading 3963 Unused Serialized files (Serialized files now loaded: 0)
System memory in use before: 173.5 MB.
System memory in use after: 173.7 MB.

Unloading 18 unused Assets to reduce memory usage. Loaded Objects now: 5116.
Total: 3.065700 ms (FindLiveObjects: 0.271000 ms CreateObjectMapping: 0.123400 ms MarkObjects: 2.658400 ms  DeleteObjects: 0.011900 ms)

AssetImportParameters requested are different than current active one (requested -> active):
  custom:framework-win-MediaFoundation: 216162199b28c13a410421893ffa2e32 -> 
  custom:video-decoder-ogg-theora: a1e56fd34408186e4bbccfd4996cb3dc -> 
  custom:container-muxer-webm: aa71ff27fc2769a1b78a27578f13a17b -> 
  custom:container-demuxer-webm: 4f35f7cbe854078d1ac9338744f61a02 -> 
  custom:container-demuxer-ogg: 62fdf1f143b41e24485cea50d1cbac27 -> 
  custom:video-encoder-webm-vp8: eb34c28f22e8b96e1ab97ce403110664 -> 
  custom:video-decoder-webm-vp8: 9c59270c3fd7afecdb556c50c9e8de78 -> 
  custom:audio-decoder-ogg-vorbis: bf7c407c2cedff20999df2af8eb42d56 -> 
  custom:audio-encoder-webm-vorbis: bf7c407c2cedff20999df2af8eb42d56 -> 
========================================================================
Received Prepare
Registering precompiled user dll's ...
Registered in 0.004122 seconds.
Begin MonoManager ReloadAssembly
Native extension for WindowsStandalone target not found
Native extension for OSXStandalone target not found
Native extension for WebGL target not found
Refreshing native plugins compatible for Editor in 0.76 ms, found 4 plugins.
Preloading 0 native plugins for Editor in 0.00 ms.
Mono: successfully reloaded assembly
- Completed reload, in  0.757 seconds
Domain Reload Profiling:
	ReloadAssembly (757ms)
		BeginReloadAssembly (93ms)
			ExecutionOrderSort (0ms)
			DisableScriptedObjects (8ms)
			BackupInstance (0ms)
			ReleaseScriptingObjects (0ms)
			CreateAndSetChildDomain (28ms)
		EndReloadAssembly (624ms)
			LoadAssemblies (70ms)
			RebuildTransferFunctionScriptingTraits (0ms)
			SetupTypeCache (218ms)
			ReleaseScriptCaches (1ms)
			RebuildScriptCaches (29ms)
			SetupLoadedEditorAssemblies (231ms)
				LogAssemblyErrors (0ms)
				InitializePlatformSupportModulesInManaged (5ms)
				SetLoadedEditorAssemblies (0ms)
				RefreshPlugins (1ms)
				BeforeProcessingInitializeOnLoad (49ms)
				ProcessInitializeOnLoadAttributes (165ms)
				ProcessInitializeOnLoadMethodAttributes (6ms)
				AfterProcessingInitializeOnLoad (5ms)
				EditorAssembliesLoaded (0ms)
			ExecutionOrderSort2 (0ms)
			AwakeInstancesAfterBackupRestoration (13ms)
Platform modules already initialized, skipping
Refreshing native plugins compatible for Editor in 0.62 ms, found 4 plugins.
Preloading 0 native plugins for Editor in 0.00 ms.
Unloading 3963 Unused Serialized files (Serialized files now loaded: 0)
System memory in use before: 173.5 MB.
System memory in use after: 173.7 MB.

Unloading 18 unused Assets to reduce memory usage. Loaded Objects now: 5119.
Total: 3.215600 ms (FindLiveObjects: 0.290200 ms CreateObjectMapping: 0.143600 ms MarkObjects: 2.768500 ms  DeleteObjects: 0.012600 ms)

AssetImportParameters requested are different than current active one (requested -> active):
  custom:framework-win-MediaFoundation: 216162199b28c13a410421893ffa2e32 -> 
  custom:video-decoder-ogg-theora: a1e56fd34408186e4bbccfd4996cb3dc -> 
  custom:container-muxer-webm: aa71ff27fc2769a1b78a27578f13a17b -> 
  custom:container-demuxer-webm: 4f35f7cbe854078d1ac9338744f61a02 -> 
  custom:container-demuxer-ogg: 62fdf1f143b41e24485cea50d1cbac27 -> 
  custom:video-encoder-webm-vp8: eb34c28f22e8b96e1ab97ce403110664 -> 
  custom:video-decoder-webm-vp8: 9c59270c3fd7afecdb556c50c9e8de78 -> 
  custom:audio-decoder-ogg-vorbis: bf7c407c2cedff20999df2af8eb42d56 -> 
  custom:audio-encoder-webm-vorbis: bf7c407c2cedff20999df2af8eb42d56 -> 
========================================================================
Received Prepare
Registering precompiled user dll's ...
Registered in 0.003742 seconds.
Begin MonoManager ReloadAssembly
Native extension for WindowsStandalone target not found
Native extension for OSXStandalone target not found
Native extension for WebGL target not found
Refreshing native plugins compatible for Editor in 0.72 ms, found 4 plugins.
Preloading 0 native plugins for Editor in 0.00 ms.
Mono: successfully reloaded assembly
- Completed reload, in  0.762 seconds
Domain Reload Profiling:
	ReloadAssembly (763ms)
		BeginReloadAssembly (93ms)
			ExecutionOrderSort (0ms)
			DisableScriptedObjects (8ms)
			BackupInstance (0ms)
			ReleaseScriptingObjects (0ms)
			CreateAndSetChildDomain (29ms)
		EndReloadAssembly (628ms)
			LoadAssemblies (69ms)
			RebuildTransferFunctionScriptingTraits (0ms)
			SetupTypeCache (228ms)
			ReleaseScriptCaches (1ms)
			RebuildScriptCaches (29ms)
			SetupLoadedEditorAssemblies (231ms)
				LogAssemblyErrors (0ms)
				InitializePlatformSupportModulesInManaged (5ms)
				SetLoadedEditorAssemblies (0ms)
				RefreshPlugins (1ms)
				BeforeProcessingInitializeOnLoad (50ms)
				ProcessInitializeOnLoadAttributes (164ms)
				ProcessInitializeOnLoadMethodAttributes (5ms)
				AfterProcessingInitializeOnLoad (5ms)
				EditorAssembliesLoaded (0ms)
			ExecutionOrderSort2 (0ms)
			AwakeInstancesAfterBackupRestoration (13ms)
Platform modules already initialized, skipping
Refreshing native plugins compatible for Editor in 0.70 ms, found 4 plugins.
Preloading 0 native plugins for Editor in 0.00 ms.
Unloading 3963 Unused Serialized files (Serialized files now loaded: 0)
System memory in use before: 173.5 MB.
System memory in use after: 173.8 MB.

Unloading 18 unused Assets to reduce memory usage. Loaded Objects now: 5122.
Total: 3.472500 ms (FindLiveObjects: 0.278000 ms CreateObjectMapping: 0.132000 ms MarkObjects: 3.048600 ms  DeleteObjects: 0.013200 ms)

AssetImportParameters requested are different than current active one (requested -> active):
  custom:framework-win-MediaFoundation: 216162199b28c13a410421893ffa2e32 -> 
  custom:video-decoder-ogg-theora: a1e56fd34408186e4bbccfd4996cb3dc -> 
  custom:container-muxer-webm: aa71ff27fc2769a1b78a27578f13a17b -> 
  custom:container-demuxer-webm: 4f35f7cbe854078d1ac9338744f61a02 -> 
  custom:container-demuxer-ogg: 62fdf1f143b41e24485cea50d1cbac27 -> 
  custom:video-encoder-webm-vp8: eb34c28f22e8b96e1ab97ce403110664 -> 
  custom:video-decoder-webm-vp8: 9c59270c3fd7afecdb556c50c9e8de78 -> 
  custom:audio-decoder-ogg-vorbis: bf7c407c2cedff20999df2af8eb42d56 -> 
  custom:audio-encoder-webm-vorbis: bf7c407c2cedff20999df2af8eb42d56 -> 
========================================================================
Received Import Request.
  Time since last request: 143.000972 seconds.
  path: Assets/Player.cs
  artifactKey: Guid(0a0ef7e60a3d6fd499df35e5dea4365d) Importer(815301076,1909f56bfc062723c751e8b465ee728b)
Start importing Assets/Player.cs using Guid(0a0ef7e60a3d6fd499df35e5dea4365d) Importer(815301076,1909f56bfc062723c751e8b465ee728b)  -> (artifact id: '90e3420f76b2885165b1ed57ca82dcaf') in 0.005712 seconds 
========================================================================
Received Prepare
Registering precompiled user dll's ...
Registered in 0.003878 seconds.
Begin MonoManager ReloadAssembly
Native extension for WindowsStandalone target not found
Native extension for OSXStandalone target not found
Native extension for WebGL target not found
Refreshing native plugins compatible for Editor in 0.73 ms, found 4 plugins.
Preloading 0 native plugins for Editor in 0.00 ms.
Mono: successfully reloaded assembly
- Completed reload, in  0.755 seconds
Domain Reload Profiling:
	ReloadAssembly (755ms)
		BeginReloadAssembly (94ms)
			ExecutionOrderSort (0ms)
			DisableScriptedObjects (8ms)
			BackupInstance (0ms)
			ReleaseScriptingObjects (0ms)
			CreateAndSetChildDomain (29ms)
		EndReloadAssembly (620ms)
			LoadAssemblies (69ms)
			RebuildTransferFunctionScriptingTraits (0ms)
			SetupTypeCache (219ms)
			ReleaseScriptCaches (1ms)
			RebuildScriptCaches (28ms)
			SetupLoadedEditorAssemblies (229ms)
				LogAssemblyErrors (0ms)
				InitializePlatformSupportModulesInManaged (5ms)
				SetLoadedEditorAssemblies (0ms)
				RefreshPlugins (1ms)
				BeforeProcessingInitializeOnLoad (49ms)
				ProcessInitializeOnLoadAttributes (163ms)
				ProcessInitializeOnLoadMethodAttributes (6ms)
				AfterProcessingInitializeOnLoad (5ms)
				EditorAssembliesLoaded (0ms)
			ExecutionOrderSort2 (0ms)
			AwakeInstancesAfterBackupRestoration (13ms)
Platform modules already initialized, skipping
Refreshing native plugins compatible for Editor in 0.48 ms, found 4 plugins.
Preloading 0 native plugins for Editor in 0.00 ms.
Unloading 3963 Unused Serialized files (Serialized files now loaded: 0)
System memory in use before: 173.6 MB.
System memory in use after: 173.9 MB.

Unloading 18 unused Assets to reduce memory usage. Loaded Objects now: 5125.
Total: 3.209000 ms (FindLiveObjects: 0.271600 ms CreateObjectMapping: 0.124700 ms MarkObjects: 2.799500 ms  DeleteObjects: 0.012800 ms)

AssetImportParameters requested are different than current active one (requested -> active):
  custom:framework-win-MediaFoundation: 216162199b28c13a410421893ffa2e32 -> 
  custom:video-decoder-ogg-theora: a1e56fd34408186e4bbccfd4996cb3dc -> 
  custom:container-muxer-webm: aa71ff27fc2769a1b78a27578f13a17b -> 
  custom:container-demuxer-webm: 4f35f7cbe854078d1ac9338744f61a02 -> 
  custom:container-demuxer-ogg: 62fdf1f143b41e24485cea50d1cbac27 -> 
  custom:video-encoder-webm-vp8: eb34c28f22e8b96e1ab97ce403110664 -> 
  custom:video-decoder-webm-vp8: 9c59270c3fd7afecdb556c50c9e8de78 -> 
  custom:audio-decoder-ogg-vorbis: bf7c407c2cedff20999df2af8eb42d56 -> 
  custom:audio-encoder-webm-vorbis: bf7c407c2cedff20999df2af8eb42d56 -> 
========================================================================
Received Prepare
Registering precompiled user dll's ...
Registered in 0.004030 seconds.
Begin MonoManager ReloadAssembly
Native extension for WindowsStandalone target not found
Native extension for OSXStandalone target not found
Native extension for WebGL target not found
Refreshing native plugins compatible for Editor in 0.74 ms, found 4 plugins.
Preloading 0 native plugins for Editor in 0.00 ms.
Mono: successfully reloaded assembly
- Completed reload, in  0.770 seconds
Domain Reload Profiling:
	ReloadAssembly (770ms)
		BeginReloadAssembly (96ms)
			ExecutionOrderSort (0ms)
			DisableScriptedObjects (8ms)
			BackupInstance (0ms)
			ReleaseScriptingObjects (0ms)
			CreateAndSetChildDomain (30ms)
		EndReloadAssembly (631ms)
			LoadAssemblies (70ms)
			RebuildTransferFunctionScriptingTraits (0ms)
			SetupTypeCache (220ms)
			ReleaseScriptCaches (1ms)
			RebuildScriptCaches (31ms)
			SetupLoadedEditorAssemblies (234ms)
				LogAssemblyErrors (0ms)
				InitializePlatformSupportModulesInManaged (5ms)
				SetLoadedEditorAssemblies (0ms)
				RefreshPlugins (1ms)
				BeforeProcessingInitializeOnLoad (50ms)
				ProcessInitializeOnLoadAttributes (167ms)
				ProcessInitializeOnLoadMethodAttributes (6ms)
				AfterProcessingInitializeOnLoad (5ms)
				EditorAssembliesLoaded (0ms)
			ExecutionOrderSort2 (0ms)
			AwakeInstancesAfterBackupRestoration (14ms)
Platform modules already initialized, skipping
Refreshing native plugins compatible for Editor in 0.73 ms, found 4 plugins.
Preloading 0 native plugins for Editor in 0.00 ms.
Unloading 3963 Unused Serialized files (Serialized files now loaded: 0)
System memory in use before: 173.6 MB.
System memory in use after: 173.9 MB.

Unloading 18 unused Assets to reduce memory usage. Loaded Objects now: 5128.
Total: 3.456500 ms (FindLiveObjects: 0.376600 ms CreateObjectMapping: 0.197800 ms MarkObjects: 2.867000 ms  DeleteObjects: 0.014400 ms)

AssetImportParameters requested are different than current active one (requested -> active):
  custom:framework-win-MediaFoundation: 216162199b28c13a410421893ffa2e32 -> 
  custom:video-decoder-ogg-theora: a1e56fd34408186e4bbccfd4996cb3dc -> 
  custom:container-muxer-webm: aa71ff27fc2769a1b78a27578f13a17b -> 
  custom:container-demuxer-webm: 4f35f7cbe854078d1ac9338744f61a02 -> 
  custom:container-demuxer-ogg: 62fdf1f143b41e24485cea50d1cbac27 -> 
  custom:video-encoder-webm-vp8: eb34c28f22e8b96e1ab97ce403110664 -> 
  custom:video-decoder-webm-vp8: 9c59270c3fd7afecdb556c50c9e8de78 -> 
  custom:audio-decoder-ogg-vorbis: bf7c407c2cedff20999df2af8eb42d56 -> 
  custom:audio-encoder-webm-vorbis: bf7c407c2cedff20999df2af8eb42d56 -> 
========================================================================
Received Prepare
Registering precompiled user dll's ...
Registered in 0.003788 seconds.
Begin MonoManager ReloadAssembly
Native extension for WindowsStandalone target not found
Native extension for OSXStandalone target not found
Native extension for WebGL target not found
Refreshing native plugins compatible for Editor in 0.73 ms, found 4 plugins.
Preloading 0 native plugins for Editor in 0.00 ms.
Mono: successfully reloaded assembly
- Completed reload, in  0.763 seconds
Domain Reload Profiling:
	ReloadAssembly (763ms)
		BeginReloadAssembly (93ms)
			ExecutionOrderSort (0ms)
			DisableScriptedObjects (8ms)
			BackupInstance (0ms)
			ReleaseScriptingObjects (0ms)
			CreateAndSetChildDomain (29ms)
		EndReloadAssembly (628ms)
			LoadAssemblies (69ms)
			RebuildTransferFunctionScriptingTraits (0ms)
			SetupTypeCache (223ms)
			ReleaseScriptCaches (1ms)
			RebuildScriptCaches (29ms)
			SetupLoadedEditorAssemblies (232ms)
				LogAssemblyErrors (0ms)
				InitializePlatformSupportModulesInManaged (5ms)
				SetLoadedEditorAssemblies (0ms)
				RefreshPlugins (1ms)
				BeforeProcessingInitializeOnLoad (49ms)
				ProcessInitializeOnLoadAttributes (166ms)
				ProcessInitializeOnLoadMethodAttributes (6ms)
				AfterProcessingInitializeOnLoad (5ms)
				EditorAssembliesLoaded (0ms)
			ExecutionOrderSort2 (0ms)
			AwakeInstancesAfterBackupRestoration (13ms)
Platform modules already initialized, skipping
Refreshing native plugins compatible for Editor in 0.50 ms, found 4 plugins.
Preloading 0 native plugins for Editor in 0.00 ms.
Unloading 3963 Unused Serialized files (Serialized files now loaded: 0)
System memory in use before: 173.8 MB.
System memory in use after: 174.1 MB.

Unloading 18 unused Assets to reduce memory usage. Loaded Objects now: 5131.
Total: 3.381600 ms (FindLiveObjects: 0.302800 ms CreateObjectMapping: 0.127500 ms MarkObjects: 2.934400 ms  DeleteObjects: 0.016200 ms)

AssetImportParameters requested are different than current active one (requested -> active):
  custom:framework-win-MediaFoundation: 216162199b28c13a410421893ffa2e32 -> 
  custom:video-decoder-ogg-theora: a1e56fd34408186e4bbccfd4996cb3dc -> 
  custom:container-muxer-webm: aa71ff27fc2769a1b78a27578f13a17b -> 
  custom:container-demuxer-webm: 4f35f7cbe854078d1ac9338744f61a02 -> 
  custom:container-demuxer-ogg: 62fdf1f143b41e24485cea50d1cbac27 -> 
  custom:video-encoder-webm-vp8: eb34c28f22e8b96e1ab97ce403110664 -> 
  custom:video-decoder-webm-vp8: 9c59270c3fd7afecdb556c50c9e8de78 -> 
  custom:audio-decoder-ogg-vorbis: bf7c407c2cedff20999df2af8eb42d56 -> 
  custom:audio-encoder-webm-vorbis: bf7c407c2cedff20999df2af8eb42d56 -> 
========================================================================
Received Import Request.
  Time since last request: 237.947881 seconds.
  path: Assets/Player.cs
  artifactKey: Guid(0a0ef7e60a3d6fd499df35e5dea4365d) Importer(815301076,1909f56bfc062723c751e8b465ee728b)
Start importing Assets/Player.cs using Guid(0a0ef7e60a3d6fd499df35e5dea4365d) Importer(815301076,1909f56bfc062723c751e8b465ee728b)  -> (artifact id: '1f2592de6c7ed0f01710247ffe9e4566') in 0.005077 seconds 
========================================================================
Received Prepare
Registering precompiled user dll's ...
Registered in 0.003880 seconds.
Begin MonoManager ReloadAssembly
Native extension for WindowsStandalone target not found
Native extension for OSXStandalone target not found
Native extension for WebGL target not found
Refreshing native plugins compatible for Editor in 0.85 ms, found 4 plugins.
Preloading 0 native plugins for Editor in 0.00 ms.
Mono: successfully reloaded assembly
- Completed reload, in  0.777 seconds
Domain Reload Profiling:
	ReloadAssembly (778ms)
		BeginReloadAssembly (98ms)
			ExecutionOrderSort (0ms)
			DisableScriptedObjects (8ms)
			BackupInstance (0ms)
			ReleaseScriptingObjects (0ms)
			CreateAndSetChildDomain (31ms)
		EndReloadAssembly (633ms)
			LoadAssemblies (74ms)
			RebuildTransferFunctionScriptingTraits (0ms)
			SetupTypeCache (224ms)
			ReleaseScriptCaches (1ms)
			RebuildScriptCaches (28ms)
			SetupLoadedEditorAssemblies (236ms)
				LogAssemblyErrors (0ms)
				InitializePlatformSupportModulesInManaged (5ms)
				SetLoadedEditorAssemblies (0ms)
				RefreshPlugins (1ms)
				BeforeProcessingInitializeOnLoad (49ms)
				ProcessInitializeOnLoadAttributes (170ms)
				ProcessInitializeOnLoadMethodAttributes (6ms)
				AfterProcessingInitializeOnLoad (5ms)
				EditorAssembliesLoaded (0ms)
			ExecutionOrderSort2 (0ms)
			AwakeInstancesAfterBackupRestoration (13ms)
Platform modules already initialized, skipping
Refreshing native plugins compatible for Editor in 0.68 ms, found 4 plugins.
Preloading 0 native plugins for Editor in 0.00 ms.
Unloading 3963 Unused Serialized files (Serialized files now loaded: 0)
System memory in use before: 173.8 MB.
System memory in use after: 174.1 MB.

Unloading 18 unused Assets to reduce memory usage. Loaded Objects now: 5134.
Total: 3.337000 ms (FindLiveObjects: 0.335400 ms CreateObjectMapping: 0.156400 ms MarkObjects: 2.831400 ms  DeleteObjects: 0.013300 ms)

AssetImportParameters requested are different than current active one (requested -> active):
  custom:framework-win-MediaFoundation: 216162199b28c13a410421893ffa2e32 -> 
  custom:video-decoder-ogg-theora: a1e56fd34408186e4bbccfd4996cb3dc -> 
  custom:container-muxer-webm: aa71ff27fc2769a1b78a27578f13a17b -> 
  custom:container-demuxer-webm: 4f35f7cbe854078d1ac9338744f61a02 -> 
  custom:container-demuxer-ogg: 62fdf1f143b41e24485cea50d1cbac27 -> 
  custom:video-encoder-webm-vp8: eb34c28f22e8b96e1ab97ce403110664 -> 
  custom:video-decoder-webm-vp8: 9c59270c3fd7afecdb556c50c9e8de78 -> 
  custom:audio-decoder-ogg-vorbis: bf7c407c2cedff20999df2af8eb42d56 -> 
  custom:audio-encoder-webm-vorbis: bf7c407c2cedff20999df2af8eb42d56 -> 
========================================================================
Received Import Request.
  Time since last request: 104.619824 seconds.
  path: Assets/New Folder
  artifactKey: Guid(4cf78b618ba409b4e96475ff0692a639) Importer(815301076,1909f56bfc062723c751e8b465ee728b)
Start importing Assets/New Folder using Guid(4cf78b618ba409b4e96475ff0692a639) Importer(815301076,1909f56bfc062723c751e8b465ee728b)  -> (artifact id: '3b3a4a32b910e50257f97b9ec2613d38') in 0.005729 seconds 
========================================================================
Received Import Request.
  Time since last request: 7.887399 seconds.
  path: Assets/InputSystem
  artifactKey: Guid(4cf78b618ba409b4e96475ff0692a639) Importer(815301076,1909f56bfc062723c751e8b465ee728b)
Start importing Assets/InputSystem using Guid(4cf78b618ba409b4e96475ff0692a639) Importer(815301076,1909f56bfc062723c751e8b465ee728b)  -> (artifact id: '84c661d1644ef443f10135ca1e7b33f0') in 0.001582 seconds 
========================================================================
Received Import Request.
  Time since last request: 10.482662 seconds.
  path: Assets/Scripts
  artifactKey: Guid(2b24aea568363c144b5a211ac418c2e0) Importer(815301076,1909f56bfc062723c751e8b465ee728b)
Start importing Assets/Scripts using Guid(2b24aea568363c144b5a211ac418c2e0) Importer(815301076,1909f56bfc062723c751e8b465ee728b)  -> (artifact id: '972c32965ebe1e5d9751c894a6372628') in 0.001701 seconds 
========================================================================
Received Prepare
Registering precompiled user dll's ...
Registered in 0.003890 seconds.
Begin MonoManager ReloadAssembly
Native extension for WindowsStandalone target not found
Native extension for OSXStandalone target not found
Native extension for WebGL target not found
Refreshing native plugins compatible for Editor in 0.74 ms, found 4 plugins.
Preloading 0 native plugins for Editor in 0.00 ms.
Mono: successfully reloaded assembly
- Completed reload, in  0.758 seconds
Domain Reload Profiling:
	ReloadAssembly (758ms)
		BeginReloadAssembly (95ms)
			ExecutionOrderSort (0ms)
			DisableScriptedObjects (8ms)
			BackupInstance (0ms)
			ReleaseScriptingObjects (0ms)
			CreateAndSetChildDomain (30ms)
		EndReloadAssembly (619ms)
			LoadAssemblies (69ms)
			RebuildTransferFunctionScriptingTraits (0ms)
			SetupTypeCache (218ms)
			ReleaseScriptCaches (1ms)
			RebuildScriptCaches (28ms)
			SetupLoadedEditorAssemblies (229ms)
				LogAssemblyErrors (0ms)
				InitializePlatformSupportModulesInManaged (5ms)
				SetLoadedEditorAssemblies (0ms)
				RefreshPlugins (1ms)
				BeforeProcessingInitializeOnLoad (49ms)
				ProcessInitializeOnLoadAttributes (164ms)
				ProcessInitializeOnLoadMethodAttributes (5ms)
				AfterProcessingInitializeOnLoad (5ms)
				EditorAssembliesLoaded (0ms)
			ExecutionOrderSort2 (0ms)
			AwakeInstancesAfterBackupRestoration (13ms)
Platform modules already initialized, skipping
Refreshing native plugins compatible for Editor in 0.51 ms, found 4 plugins.
Preloading 0 native plugins for Editor in 0.00 ms.
Unloading 3963 Unused Serialized files (Serialized files now loaded: 0)
System memory in use before: 173.8 MB.
System memory in use after: 174.1 MB.

Unloading 18 unused Assets to reduce memory usage. Loaded Objects now: 5137.
Total: 3.293700 ms (FindLiveObjects: 0.343400 ms CreateObjectMapping: 0.160800 ms MarkObjects: 2.776000 ms  DeleteObjects: 0.012700 ms)

AssetImportParameters requested are different than current active one (requested -> active):
  custom:framework-win-MediaFoundation: 216162199b28c13a410421893ffa2e32 -> 
  custom:video-decoder-ogg-theora: a1e56fd34408186e4bbccfd4996cb3dc -> 
  custom:container-muxer-webm: aa71ff27fc2769a1b78a27578f13a17b -> 
  custom:container-demuxer-webm: 4f35f7cbe854078d1ac9338744f61a02 -> 
  custom:container-demuxer-ogg: 62fdf1f143b41e24485cea50d1cbac27 -> 
  custom:video-encoder-webm-vp8: eb34c28f22e8b96e1ab97ce403110664 -> 
  custom:video-decoder-webm-vp8: 9c59270c3fd7afecdb556c50c9e8de78 -> 
  custom:audio-decoder-ogg-vorbis: bf7c407c2cedff20999df2af8eb42d56 -> 
  custom:audio-encoder-webm-vorbis: bf7c407c2cedff20999df2af8eb42d56 -> 
AssetImportWorkerClient::OnTransportError - code=2 error=End of file
